Replace Part C1 0000005 in C:\Users\User\Desktop\MEMRISTOR\SIMA\HW\SIMA_PCB\Schematic.SchDoc with 0000005 from CapacitorsIntegrated.IntLib
Replace Part C3 0000001 in C:\Users\User\Desktop\MEMRISTOR\SIMA\HW\SIMA_PCB\Schematic.SchDoc with 0000001 from CapacitorsIntegrated.IntLib
Replace Part C4 0000002 in C:\Users\User\Desktop\MEMRISTOR\SIMA\HW\SIMA_PCB\Schematic.SchDoc with 0000002 from CapacitorsIntegrated.IntLib
Replace Part C5 0000003 in C:\Users\User\Desktop\MEMRISTOR\SIMA\HW\SIMA_PCB\Schematic.SchDoc with 0000003 from CapacitorsIntegrated.IntLib
Replace Part C6 0000003 in C:\Users\User\Desktop\MEMRISTOR\SIMA\HW\SIMA_PCB\Schematic.SchDoc with 0000003 from CapacitorsIntegrated.IntLib
Replace Part C7 0000002 in C:\Users\User\Desktop\MEMRISTOR\SIMA\HW\SIMA_PCB\Schematic.SchDoc with 0000002 from CapacitorsIntegrated.IntLib
Replace Part C8 0000001 in C:\Users\User\Desktop\MEMRISTOR\SIMA\HW\SIMA_PCB\Schematic.SchDoc with 0000001 from CapacitorsIntegrated.IntLib
Replace Part C9 0000004 in C:\Users\User\Desktop\MEMRISTOR\SIMA\HW\SIMA_PCB\Schematic.SchDoc with 0000004 from CapacitorsIntegrated.IntLib
Replace Part C10 0000006 in C:\Users\User\Desktop\MEMRISTOR\SIMA\HW\SIMA_PCB\Schematic.SchDoc with 0000006 from CapacitorsIntegrated.IntLib
Replace Part C11 0000007 in C:\Users\User\Desktop\MEMRISTOR\SIMA\HW\SIMA_PCB\Schematic.SchDoc with 0000007 from CapacitorsIntegrated.IntLib
Replace Part Cff1 0000008 in C:\Users\User\Desktop\MEMRISTOR\SIMA\HW\SIMA_PCB\Schematic.SchDoc with 0000008 from CapacitorsIntegrated.IntLib
Replace Part Css1 0000005 in C:\Users\User\Desktop\MEMRISTOR\SIMA\HW\SIMA_PCB\Schematic.SchDoc with 0000005 from CapacitorsIntegrated.IntLib
Replace Part ES1 emergency_pushbutton in C:\Users\User\Desktop\MEMRISTOR\SIMA\HW\SIMA_PCB\Schematic.SchDoc with emergency_pushbutton from SIMA.SchLib
Replace Part IC1 AOZ6606PI in C:\Users\User\Desktop\MEMRISTOR\SIMA\HW\SIMA_PCB\Schematic.SchDoc with AOZ6606PI from IntegratedCircuits.IntLib
Replace Part J1 PIN_HEADER5 in C:\Users\User\Desktop\MEMRISTOR\SIMA\HW\SIMA_PCB\Schematic.SchDoc with PIN_HEADER5 from SIMA.SchLib
Replace Part J2 PIN_HEADER5 in C:\Users\User\Desktop\MEMRISTOR\SIMA\HW\SIMA_PCB\Schematic.SchDoc with PIN_HEADER5 from SIMA.SchLib
Replace Part J3 PIN_HEADER5 in C:\Users\User\Desktop\MEMRISTOR\SIMA\HW\SIMA_PCB\Schematic.SchDoc with PIN_HEADER5 from SIMA.SchLib
Replace Part J4 PIN_HEADER5 in C:\Users\User\Desktop\MEMRISTOR\SIMA\HW\SIMA_PCB\Schematic.SchDoc with PIN_HEADER5 from SIMA.SchLib
Replace Part J5 PIN_HEADER5 in C:\Users\User\Desktop\MEMRISTOR\SIMA\HW\SIMA_PCB\Schematic.SchDoc with PIN_HEADER5 from SIMA.SchLib
Replace Part L1 L000002 in C:\Users\User\Desktop\MEMRISTOR\SIMA\HW\SIMA_PCB\Schematic.SchDoc with L000002 from InductorIntegrated.IntLib
Replace Part Q1 IRF4905 in C:\Users\User\Desktop\MEMRISTOR\SIMA\HW\SIMA_PCB\Schematic.SchDoc with IRF4905 from IntegratedCircuits.IntLib
Replace Part R1 R000003 in C:\Users\User\Desktop\MEMRISTOR\SIMA\HW\SIMA_PCB\Schematic.SchDoc with R000003 from ResistorsIntegrated.IntLib
Replace Part R2 R000001 in C:\Users\User\Desktop\MEMRISTOR\SIMA\HW\SIMA_PCB\Schematic.SchDoc with R000001 from ResistorsIntegrated.IntLib
Replace Part R3 R000007 in C:\Users\User\Desktop\MEMRISTOR\SIMA\HW\SIMA_PCB\Schematic.SchDoc with R000007 from ResistorsIntegrated.IntLib
Replace Part R4 R000005 in C:\Users\User\Desktop\MEMRISTOR\SIMA\HW\SIMA_PCB\Schematic.SchDoc with R000005 from ResistorsIntegrated.IntLib
Replace Part R5 R000006 in C:\Users\User\Desktop\MEMRISTOR\SIMA\HW\SIMA_PCB\Schematic.SchDoc with R000006 from ResistorsIntegrated.IntLib
Replace Part R6 R000001 in C:\Users\User\Desktop\MEMRISTOR\SIMA\HW\SIMA_PCB\Schematic.SchDoc with R000001 from ResistorsIntegrated.IntLib
Replace Part R7 R000001 in C:\Users\User\Desktop\MEMRISTOR\SIMA\HW\SIMA_PCB\Schematic.SchDoc with R000001 from ResistorsIntegrated.IntLib
Replace Part R8 R000001 in C:\Users\User\Desktop\MEMRISTOR\SIMA\HW\SIMA_PCB\Schematic.SchDoc with R000001 from ResistorsIntegrated.IntLib
Replace Part R9 R000001 in C:\Users\User\Desktop\MEMRISTOR\SIMA\HW\SIMA_PCB\Schematic.SchDoc with R000001 from ResistorsIntegrated.IntLib
Replace Part R10 R000001 in C:\Users\User\Desktop\MEMRISTOR\SIMA\HW\SIMA_PCB\Schematic.SchDoc with R000001 from ResistorsIntegrated.IntLib
Replace Part R11 R000001 in C:\Users\User\Desktop\MEMRISTOR\SIMA\HW\SIMA_PCB\Schematic.SchDoc with R000001 from ResistorsIntegrated.IntLib
Replace Part R12 R000001 in C:\Users\User\Desktop\MEMRISTOR\SIMA\HW\SIMA_PCB\Schematic.SchDoc with R000001 from ResistorsIntegrated.IntLib
Replace Part R13 R000001 in C:\Users\User\Desktop\MEMRISTOR\SIMA\HW\SIMA_PCB\Schematic.SchDoc with R000001 from ResistorsIntegrated.IntLib
Replace Part S1 UltraSonic_Sensor in C:\Users\User\Desktop\MEMRISTOR\SIMA\HW\SIMA_PCB\Schematic.SchDoc with UltraSonic_Sensor from SIMA.SchLib
Replace Part S2 UltraSonic_Sensor in C:\Users\User\Desktop\MEMRISTOR\SIMA\HW\SIMA_PCB\Schematic.SchDoc with UltraSonic_Sensor from SIMA.SchLib
Replace Part S3 UltraSonic_Sensor in C:\Users\User\Desktop\MEMRISTOR\SIMA\HW\SIMA_PCB\Schematic.SchDoc with UltraSonic_Sensor from SIMA.SchLib
Replace Part S4 UltraSonic_Sensor in C:\Users\User\Desktop\MEMRISTOR\SIMA\HW\SIMA_PCB\Schematic.SchDoc with UltraSonic_Sensor from SIMA.SchLib
Replace Part U2 ESP32WROOM_V2 in C:\Users\User\Desktop\MEMRISTOR\SIMA\HW\SIMA_PCB\Schematic.SchDoc with ESP32WROOM_V2 from SIMA.SchLib
Replace Part U3 DriverA4988 in C:\Users\User\Desktop\MEMRISTOR\SIMA\HW\SIMA_PCB\Schematic.SchDoc with DriverA4988 from SIMA.SchLib
Replace Part U4 DriverA4988 in C:\Users\User\Desktop\MEMRISTOR\SIMA\HW\SIMA_PCB\Schematic.SchDoc with DriverA4988 from SIMA.SchLib
Replace Part U5 STEP_MOTOR_CONN in C:\Users\User\Desktop\MEMRISTOR\SIMA\HW\SIMA_PCB\Schematic.SchDoc with STEP_MOTOR_CONN from SIMA.SchLib
Replace Part U6 STEP_MOTOR_CONN in C:\Users\User\Desktop\MEMRISTOR\SIMA\HW\SIMA_PCB\Schematic.SchDoc with STEP_MOTOR_CONN from SIMA.SchLib
Replace Part XT1 XT60 CONN in C:\Users\User\Desktop\MEMRISTOR\SIMA\HW\SIMA_PCB\Schematic.SchDoc with XT60 CONN from SIMA.SchLib
Replace Part ZD1 1SMA5931-AU_R1 in C:\Users\User\Desktop\MEMRISTOR\SIMA\HW\SIMA_PCB\Schematic.SchDoc with 1SMA5931-AU_R1 from IntegratedCircuits.IntLib
